2026-01-19 08:00:01 [INFO] Server initialized successfully.
2026-01-19 08:00:15 [INFO] User 'alice' logged in.
2026-01-19 08:00:33 [WARNING] High memory usage detected.
2026-01-19 08:00:52 [ERROR] Database connection timed out.
2026-01-19 08:00:52 [ERROR] Database connection timed out.
2026-01-19 08:00:52 [ERROR] Database connection timed out.
2026-01-19 08:01:10 [INFO] Background sync started.
2026-01-19 08:01:27 [ERROR] Invalid authentication token.
2026-01-19 08:01:50 [INFO] Data export completed.
2026-01-19 08:02:04 [WARNING] Disk usage reached 80%.
2026-01-19 08:02:29 [INFO] Payment request completed.
2026-01-19 08:02:55 [ERROR] Unable to parse request payload.
2026-01-19 08:03:11 [INFO] Scheduled task executed.
2026-01-19 08:03:33 [WARNING] API rate limit approaching.
2026-01-19 08:03:50 [INFO] Log cleanup initiated.
2026-01-19 08:04:12 [ERROR] Unable to process file upload.
2026-01-19 08:04:40 [INFO] New user registered: 'bob'.
2026-01-19 08:05:01 [WARNING] Deprecated API endpoint called.
2026-01-19 08:05:22 [INFO] Cache warm-up complete.
2026-01-19 08:05:45 [ERROR] Missing configuration parameter.
2026-01-19 08:06:14 [INFO] User 'charlie' changed password.
2026-01-19 08:06:40 [WARNING] High CPU usage threshold crossed.
2026-01-19 08:07:01 [INFO] Server health check passed.
2026-01-19 08:07:25 [ERROR] Redis connection lost unexpectedly.
2026-01-19 08:07:50 [INFO] Retry operation succeeded.
2026-01-19 08:08:10 [WARNING] Large response time detected.
2026-01-19 08:08:41 [INFO] Email sent successfully.
2026-01-19 08:09:00 [ERROR] Unable to decode JSON.
2026-01-19 08:09:33 [INFO] API client initialized.
2026-01-19 08:09:55 [WARNING] SSL certificate nearing expiration.
2026-01-19 08:10:20 [INFO] Session refreshed for user 'david'.
2026-01-19 08:10:48 [ERROR] CPU temperature above safe limit.
2026-01-19 08:11:10 [INFO] Server response time normal.
2026-01-19 08:11:55 [WARNING] Unexpected null value detected.
2026-01-19 08:12:20 [INFO] User 'eva' logged out.
2026-01-19 08:12:49 [ERROR] Division by zero in analytics module.
2026-01-19 08:13:10 [INFO] Payment processed for order ID 1093.
2026-01-19 08:13:44 [WARNING] Slow network detected.
2026-01-19 08:14:22 [INFO] Cleanup completed.
2026-01-19 08:14:55 [ERROR] SMTP server not responding.
2026-01-19 08:15:20 [INFO] Uploaded 250 documents.
2026-01-19 08:15:41 [WARNING] High latency in request queue.
2026-01-19 08:16:10 [INFO] Backup process started.
2026-01-19 08:16:40 [ERROR] Backup failed: insufficient space.
2026-01-19 08:17:10 [INFO] New session initialized.
2026-01-19 08:17:47 [WARNING] Unexpected response format.
2026-01-19 08:18:20 [INFO] API heartbeat acknowledged.
2026-01-19 08:18:55 [ERROR] Database lock timeout.
2026-01-19 08:19:11 [INFO] Request completed in 89ms.
2026-01-19 08:19:40 [WARNING] High bandwidth usage observed.
2026-01-19 08:20:05 [INFO] Log rotation successful.
2026-01-19 08:20:33 [ERROR] Unauthorized access attempt blocked.
2026-01-19 08:21:01 [INFO] User 'frank' added to system.
2026-01-19 08:21:38 [WARNING] Message queue delay increasing.
2026-01-19 08:22:00 [INFO] Cache cleared.
2026-01-19 08:22:27 [ERROR] Invalid file format detected.
2026-01-19 08:22:58 [INFO] Uploaded profile picture.
2026-01-19 08:23:30 [WARNING] High load on worker threads.
2026-01-19 08:24:05 [INFO] New configuration applied.
2026-01-19 08:24:40 [ERROR] Could not read environment variable.
2026-01-19 08:25:10 [INFO] Connection pool refreshed.
2026-01-19 08:25:45 [WARNING] API retry limit reached.
2026-01-19 08:26:05 [INFO] Transaction committed.
2026-01-19 08:26:40 [ERROR] Failed to write log entry.
2026-01-19 08:27:05 [INFO] Metrics recalculated.
2026-01-19 08:27:44 [WARNING] High swap usage detected.
2026-01-19 08:28:10 [INFO] Database schema verified.
2026-01-19 08:28:50 [ERROR] Query timeout in reporting module.
2026-01-19 08:29:20 [INFO] Request validated.
2026-01-19 08:29:55 [WARNING] Server temperature rising.
2026-01-19 08:30:33 [INFO] User 'george' updated profile.
2026-01-19 08:31:11 [ERROR] External API unreachable.
2026-01-19 08:31:40 [INFO] Notification sent to user.
2026-01-19 08:32:15 [WARNING] Low memory threshold crossed.
2026-01-19 08:32:55 [INFO] Sync completed.
2026-01-19 08:33:25 [ERROR] File read error encountered.
2026-01-19 08:34:00 [INFO] New order received.
2026-01-19 08:34:33 [WARNING] Slow response from third-party API.
2026-01-19 08:35:01 [INFO] Payment verification success.
2026-01-19 08:35:35 [ERROR] Access denied for unknown token.
2026-01-19 08:36:10 [INFO] Cache miss resolved by fallback.
2026-01-19 08:36:55 [WARNING] CPU hit 90% threshold.
2026-01-19 08:37:33 [INFO] New feature flag applied.
2026-01-19 08:38:01 [ERROR] Mail service unavailable.
2026-01-19 08:38:35 [INFO] Request retried successfully.
2026-01-19 08:39:10 [WARNING] High session count detected.
2026-01-19 08:39:55 [INFO] Daily summary generated.
2026-01-19 08:40:33 [ERROR] Provider API returned malformed data.
2026-01-19 08:41:10 [INFO] Export completed in 450ms.
2026-01-19 08:41:39 [WARNING] Backup duration longer than expected.
2026-01-19 08:42:12 [INFO] User 'harry' logged in.
2026-01-19 08:42:55 [ERROR] Deadlock detected.
2026-01-19 08:43:30 [INFO] Reconnected to service.
2026-01-19 08:44:00 [WARNING] Resource usage spike detected.
2026-01-19 08:44:33 [INFO] Cache synchronization complete.
2026-01-19 08:45:10 [ERROR] Missing dependency in module loader.
2026-01-19 08:45:40 [INFO] New job queued.
2026-01-19 08:46:22 [WARNING] Unusual network IO pattern.
2026-01-19 08:47:00 [INFO] Cleanup completed successfully.
2026-01-19 08:47:45 [ERROR] Database index corrupted.
2026-01-19 08:48:20 [INFO] Zero-downtime deploy successful.
2026-01-19 08:48:50 [WARNING] Deprecated configuration detected.
2026-01-19 08:49:30 [INFO] API usage metrics updated.
2026-01-19 08:50:10 [ERROR] File compression failed.
2026-01-19 08:50:55 [INFO] App restarted successfully.
2026-01-19 08:51:33 [WARNING] Thread pool saturation detected.
2026-01-19 08:52:10 [INFO] Resource monitoring active.
2026-01-19 08:52:55 [ERROR] Network socket closed unexpectedly.
2026-01-19 08:53:30 [INFO] Webhook delivered.
2026-01-19 08:54:05 [WARNING] API token nearing expiry.
2026-01-19 08:54:55 [INFO] Data archived successfully.
2026-01-19 08:55:33 [ERROR] Encryption failure detected.
2026-01-19 08:56:05 [INFO] Cache rebuilt.
2026-01-19 08:56:49 [WARNING] Job queue reaching max limit.
2026-01-19 08:57:20 [INFO] Request retry queued.
2026-01-19 08:58:00 [ERROR] Invalid session ID provided.
2026-01-19 08:58:45 [INFO] Certificate renewed successfully.
2026-01-19 08:59:20 [WARNING] Unoptimized query detected.
2026-01-19 09:00:01 [INFO] Worker started.
2026-01-19 09:00:45 [ERROR] Uncaught exception in scheduler.
2026-01-19 09:01:10 [INFO] System status: healthy.
2026-01-19 09:01:52 [WARNING] Multiple failed login attempts.
2026-01-19 09:02:22 [INFO] New webhook registered.
2026-01-19 09:03:00 [ERROR] Rate limiting service down.
2026-01-19 09:03:44 [INFO] Report generated.
2026-01-19 09:04:22 [WARNING] Temporary file storage full.
2026-01-19 09:05:00 [INFO] New audit log created.
2026-01-19 09:05:30 [ERROR] Disk write failure.
2026-01-19 09:06:05 [INFO] User 'ivan' updated details.
2026-01-19 09:06:49 [WARNING] Queue stuck for 3 seconds.
2026-01-19 09:07:10 [INFO] Session extended.
2026-01-19 09:07:55 [ERROR] Permission denied during update.
2026-01-19 09:08:33 [INFO] Cache updated.
2026-01-19 09:09:10 [WARNING] Low entropy detected in RNG.
2026-01-19 09:09:44 [INFO] Model inference completed.
2026-01-19 09:10:20 [ERROR] Worker thread panicked.
2026-01-19 09:10:59 [INFO] Validation rules applied.
2026-01-19 09:11:33 [WARNING] Too many open connections.
2026-01-19 09:12:10 [INFO] Successful heartbeat.
2026-01-19 09:12:55 [ERROR] Session token expired.
2026-01-19 09:13:30 [INFO] Retry successful after timeout.
2026-01-19 09:14:05 [WARNING] Slow response from document service.
2026-01-19 09:14:40 [INFO] All services operational.
2026-01-19 09:15:10 [ERROR] Could not load plugin module.
2026-01-19 09:15:55 [INFO] Configuration validated.
2026-01-19 09:16:33 [WARNING] High request error rate.
2026-01-19 09:17:10 [INFO] Session token refreshed.
2026-01-19 09:17:55 [ERROR] Write conflict in transaction.
2026-01-19 09:18:33 [INFO] Batch job started.
2026-01-19 09:19:10 [WARNING] High network jitter detected.
